# JRE version: Java(TM) SE Runtime Environment (8.0_202-b08) (build 1.8.0_202-b08)
# Java VM: Java HotSpot(TM) 64-Bit Server VM (25.202-b08 mixed mode windows-amd64 compressed oops)
Heap:
 PSYoungGen      total 295424K, used 136725K [0x000000076b200000, 0x000000077d700000, 0x00000007c0000000)
  eden space 290816K, 46% used [0x000000076b200000,0x00000007735f7158,0x000000077ce00000)
  from space 4608K, 34% used [0x000000077d200000,0x000000077d38e398,0x000000077d680000)
  to   space 4096K, 0% used [0x000000077ce00000,0x000000077ce00000,0x000000077d200000)
 ParOldGen       total 101888K, used 59791K [0x00000006c1600000, 0x00000006c7980000, 0x000000076b200000)
  object space 101888K, 58% used [0x00000006c1600000,0x00000006c5063dd0,0x00000006c7980000)
 Metaspace       used 46611K, capacity 47762K, committed 48088K, reserved 1091584K
  class space    used 6331K, capacity 6603K, committed 6656K, reserved 1048576K
GC Heap History (10 events):
Event: 15.397 GC heap before
{Heap before GC invocations=43 (full 3):
 PSYoungGen      total 245760K, used 237888K [0x000000076b200000, 0x000000077b900000, 0x00000007c0000000)
  eden space 236032K, 100% used [0x000000076b200000,0x0000000779880000,0x0000000779880000)
  from space 9728K, 19% used [0x0000000779880000,0x0000000779a50000,0x000000077a200000)
  to   space 9728K, 0% used [0x000000077a200000,0x000000077a200000,0x000000077ab80000)
 ParOldGen       total 101888K, used 56871K [0x00000006c1600000, 0x00000006c7980000, 0x000000076b200000)
  object space 101888K, 55% used [0x00000006c1600000,0x00000006c4d89e30,0x00000006c7980000)
 Metaspace       used 46542K, capacity 47682K, committed 48088K, reserved 1091584K
  class space    used 6320K, capacity 6563K, committed 6656K, reserved 1048576K
Event: 15.399 GC heap after
Heap after GC invocations=43 (full 3):
 PSYoungGen      total 245760K, used 1144K [0x000000076b200000, 0x000000077b900000, 0x00000007c0000000)
  eden space 236032K, 0% used [0x000000076b200000,0x000000076b200000,0x0000000779880000)
  from space 9728K, 11% used [0x000000077a200000,0x000000077a31e2a0,0x000000077ab80000)
  to   space 9728K, 0% used [0x0000000779880000,0x0000000779880000,0x000000077a200000)
 ParOldGen       total 101888K, used 58734K [0x00000006c1600000, 0x00000006c7980000, 0x000000076b200000)
  object space 101888K, 57% used [0x00000006c1600000,0x00000006c4f5bb30,0x00000006c7980000)
 Metaspace       used 46542K, capacity 47682K, committed 48088K, reserved 1091584K
  class space    used 6320K, capacity 6563K, committed 6656K, reserved 1048576K
}
Event: 15.643 GC heap before
{Heap before GC invocations=44 (full 3):
 PSYoungGen      total 245760K, used 237176K [0x000000076b200000, 0x000000077b900000, 0x00000007c0000000)
  eden space 236032K, 100% used [0x000000076b200000,0x0000000779880000,0x0000000779880000)
  from space 9728K, 11% used [0x000000077a200000,0x000000077a31e2a0,0x000000077ab80000)
  to   space 9728K, 0% used [0x0000000779880000,0x0000000779880000,0x000000077a200000)
 ParOldGen       total 101888K, used 58734K [0x00000006c1600000, 0x00000006c7980000, 0x000000076b200000)
  object space 101888K, 57% used [0x00000006c1600000,0x00000006c4f5bb30,0x00000006c7980000)
 Metaspace       used 46542K, capacity 47682K, committed 48088K, reserved 1091584K
  class space    used 6320K, capacity 6563K, committed 6656K, reserved 1048576K
Event: 15.644 GC heap after
Heap after GC invocations=44 (full 3):
 PSYoungGen      total 245760K, used 1792K [0x000000076b200000, 0x000000077bc80000, 0x00000007c0000000)
  eden space 236032K, 0% used [0x000000076b200000,0x000000076b200000,0x0000000779880000)
  from space 9728K, 18% used [0x0000000779880000,0x0000000779a40000,0x000000077a200000)
  to   space 4608K, 0% used [0x000000077b800000,0x000000077b800000,0x000000077bc80000)
 ParOldGen       total 101888K, used 59775K [0x00000006c1600000, 0x00000006c7980000, 0x000000076b200000)
  object space 101888K, 58% used [0x00000006c1600000,0x00000006c505fdd0,0x00000006c7980000)
 Metaspace       used 46542K, capacity 47682K, committed 48088K, reserved 1091584K
  class space    used 6320K, capacity 6563K, committed 6656K, reserved 1048576K
}
Event: 15.773 GC heap before
{Heap before GC invocations=45 (full 3):
 PSYoungGen      total 245760K, used 237824K [0x000000076b200000, 0x000000077bc80000, 0x00000007c0000000)
  eden space 236032K, 100% used [0x000000076b200000,0x0000000779880000,0x0000000779880000)
  from space 9728K, 18% used [0x0000000779880000,0x0000000779a40000,0x000000077a200000)
  to   space 4608K, 0% used [0x000000077b800000,0x000000077b800000,0x000000077bc80000)
 ParOldGen       total 101888K, used 59775K [0x00000006c1600000, 0x00000006c7980000, 0x000000076b200000)
  object space 101888K, 58% used [0x00000006c1600000,0x00000006c505fdd0,0x00000006c7980000)
 Metaspace       used 46546K, capacity 47682K, committed 48088K, reserved 1091584K
  class space    used 6320K, capacity 6563K, committed 6656K, reserved 1048576K
Event: 15.776 GC heap after
Heap after GC invocations=45 (full 3):
 PSYoungGen      total 267264K, used 2808K [0x000000076b200000, 0x000000077bc00000, 0x00000007c0000000)
  eden space 263168K, 0% used [0x000000076b200000,0x000000076b200000,0x000000077b300000)
  from space 4096K, 68% used [0x000000077b800000,0x000000077babe3f0,0x000000077bc00000)
  to   space 4608K, 0% used [0x000000077b300000,0x000000077b300000,0x000000077b780000)
 ParOldGen       total 101888K, used 59775K [0x00000006c1600000, 0x00000006c7980000, 0x000000076b200000)
  object space 101888K, 58% used [0x00000006c1600000,0x00000006c505fdd0,0x00000006c7980000)
 Metaspace       used 46546K, capacity 47682K, committed 48088K, reserved 1091584K
  class space    used 6320K, capacity 6563K, committed 6656K, reserved 1048576K
}
Event: 16.329 GC heap before
{Heap before GC invocations=46 (full 3):
 PSYoungGen      total 267264K, used 265976K [0x000000076b200000, 0x000000077bc00000, 0x00000007c0000000)
  eden space 263168K, 100% used [0x000000076b200000,0x000000077b300000,0x000000077b300000)
  from space 4096K, 68% used [0x000000077b800000,0x000000077babe3f0,0x000000077bc00000)
  to   space 4608K, 0% used [0x000000077b300000,0x000000077b300000,0x000000077b780000)
 ParOldGen       total 101888K, used 59775K [0x00000006c1600000, 0x00000006c7980000, 0x000000076b200000)
  object space 101888K, 58% used [0x00000006c1600000,0x00000006c505fdd0,0x00000006c7980000)
 Metaspace       used 46547K, capacity 47682K, committed 48088K, reserved 1091584K
  class space    used 6320K, capacity 6563K, committed 6656K, reserved 1048576K
Event: 16.331 GC heap after
Heap after GC invocations=46 (full 3):
 PSYoungGen      total 267776K, used 1856K [0x000000076b200000, 0x000000077d680000, 0x00000007c0000000)
  eden space 263168K, 0% used [0x000000076b200000,0x000000076b200000,0x000000077b300000)
  from space 4608K, 40% used [0x000000077b300000,0x000000077b4d0000,0x000000077b780000)
  to   space 4608K, 0% used [0x000000077d200000,0x000000077d200000,0x000000077d680000)
 ParOldGen       total 101888K, used 59791K [0x00000006c1600000, 0x00000006c7980000, 0x000000076b200000)
  object space 101888K, 58% used [0x00000006c1600000,0x00000006c5063dd0,0x00000006c7980000)
 Metaspace       used 46547K, capacity 47682K, committed 48088K, reserved 1091584K
  class space    used 6320K, capacity 6563K, committed 6656K, reserved 1048576K
}
Event: 16.688 GC heap before
{Heap before GC invocations=47 (full 3):
 PSYoungGen      total 267776K, used 265024K [0x000000076b200000, 0x000000077d680000, 0x00000007c0000000)
  eden space 263168K, 100% used [0x000000076b200000,0x000000077b300000,0x000000077b300000)
  from space 4608K, 40% used [0x000000077b300000,0x000000077b4d0000,0x000000077b780000)
  to   space 4608K, 0% used [0x000000077d200000,0x000000077d200000,0x000000077d680000)
 ParOldGen       total 101888K, used 59791K [0x00000006c1600000, 0x00000006c7980000, 0x000000076b200000)
  object space 101888K, 58% used [0x00000006c1600000,0x00000006c5063dd0,0x00000006c7980000)
 Metaspace       used 46609K, capacity 47762K, committed 48088K, reserved 1091584K
  class space    used 6331K, capacity 6603K, committed 6656K, reserved 1048576K
Event: 16.694 GC heap after
Heap after GC invocations=47 (full 3):
 PSYoungGen      total 295424K, used 1592K [0x000000076b200000, 0x000000077d700000, 0x00000007c0000000)
  eden space 290816K, 0% used [0x000000076b200000,0x000000076b200000,0x000000077ce00000)
  from space 4608K, 34% used [0x000000077d200000,0x000000077d38e398,0x000000077d680000)
  to   space 4096K, 0% used [0x000000077ce00000,0x000000077ce00000,0x000000077d200000)
 ParOldGen       total 101888K, used 59791K [0x00000006c1600000, 0x00000006c7980000, 0x000000076b200000)
  object space 101888K, 58% used [0x00000006c1600000,0x00000006c5063dd0,0x00000006c7980000)
 Metaspace       used 46609K, capacity 47762K, committed 48088K, reserved 1091584K
  class space    used 6331K, capacity 6603K, committed 6656K, reserved 1048576K
}

