# JRE version: Java(TM) SE Runtime Environment (8.0_202-b08) (build 1.8.0_202-b08)
# Java VM: Java HotSpot(TM) 64-Bit Server VM (25.202-b08 mixed mode windows-amd64 compressed oops)
Heap:
 PSYoungGen      total 220160K, used 13179K [0x000000076b200000, 0x0000000779580000, 0x00000007c0000000)
  eden space 210432K, 6% used [0x000000076b200000,0x000000076bedeca8,0x0000000777f80000)
  from space 9728K, 0% used [0x0000000778a00000,0x0000000778a00000,0x0000000779380000)
  to   space 10752K, 0% used [0x0000000777f80000,0x0000000777f80000,0x0000000778a00000)
 ParOldGen       total 96768K, used 7333K [0x00000006c1600000, 0x00000006c7480000, 0x000000076b200000)
  object space 96768K, 7% used [0x00000006c1600000,0x00000006c1d29518,0x00000006c7480000)
 Metaspace       used 27381K, capacity 27950K, committed 28160K, reserved 1073152K
  class space    used 3873K, capacity 4009K, committed 4096K, reserved 1048576K
GC Heap History (10 events):
Event: 3.050 GC heap before
{Heap before GC invocations=4 (full 0):
 PSYoungGen      total 76288K, used 46654K [0x000000076b200000, 0x0000000774700000, 0x00000007c0000000)
  eden space 65536K, 57% used [0x000000076b200000,0x000000076d6e2f80,0x000000076f200000)
  from space 10752K, 82% used [0x000000076f200000,0x000000076faac8d8,0x000000076fc80000)
  to   space 10752K, 0% used [0x0000000773c80000,0x0000000773c80000,0x0000000774700000)
 ParOldGen       total 175104K, used 24K [0x00000006c1600000, 0x00000006cc100000, 0x000000076b200000)
  object space 175104K, 0% used [0x00000006c1600000,0x00000006c1606000,0x00000006cc100000)
 Metaspace       used 20740K, capacity 21146K, committed 21296K, reserved 1067008K
  class space    used 2830K, capacity 2925K, committed 2944K, reserved 1048576K
Event: 3.056 GC heap after
Heap after GC invocations=4 (full 0):
 PSYoungGen      total 141824K, used 7821K [0x000000076b200000, 0x0000000774700000, 0x00000007c0000000)
  eden space 131072K, 0% used [0x000000076b200000,0x000000076b200000,0x0000000773200000)
  from space 10752K, 72% used [0x0000000773c80000,0x00000007744235f0,0x0000000774700000)
  to   space 10752K, 0% used [0x0000000773200000,0x0000000773200000,0x0000000773c80000)
 ParOldGen       total 175104K, used 32K [0x00000006c1600000, 0x00000006cc100000, 0x000000076b200000)
  object space 175104K, 0% used [0x00000006c1600000,0x00000006c1608000,0x00000006cc100000)
 Metaspace       used 20740K, capacity 21146K, committed 21296K, reserved 1067008K
  class space    used 2830K, capacity 2925K, committed 2944K, reserved 1048576K
}
Event: 3.056 GC heap before
{Heap before GC invocations=5 (full 1):
 PSYoungGen      total 141824K, used 7821K [0x000000076b200000, 0x0000000774700000, 0x00000007c0000000)
  eden space 131072K, 0% used [0x000000076b200000,0x000000076b200000,0x0000000773200000)
  from space 10752K, 72% used [0x0000000773c80000,0x00000007744235f0,0x0000000774700000)
  to   space 10752K, 0% used [0x0000000773200000,0x0000000773200000,0x0000000773c80000)
 ParOldGen       total 175104K, used 32K [0x00000006c1600000, 0x00000006cc100000, 0x000000076b200000)
  object space 175104K, 0% used [0x00000006c1600000,0x00000006c1608000,0x00000006cc100000)
 Metaspace       used 20740K, capacity 21146K, committed 21296K, reserved 1067008K
  class space    used 2830K, capacity 2925K, committed 2944K, reserved 1048576K
Event: 3.079 GC heap after
Heap after GC invocations=5 (full 1):
 PSYoungGen      total 141824K, used 0K [0x000000076b200000, 0x0000000774700000, 0x00000007c0000000)
  eden space 131072K, 0% used [0x000000076b200000,0x000000076b200000,0x0000000773200000)
  from space 10752K, 0% used [0x0000000773c80000,0x0000000773c80000,0x0000000774700000)
  to   space 10752K, 0% used [0x0000000773200000,0x0000000773200000,0x0000000773c80000)
 ParOldGen       total 96768K, used 7517K [0x00000006c1600000, 0x00000006c7480000, 0x000000076b200000)
  object space 96768K, 7% used [0x00000006c1600000,0x00000006c1d575f8,0x00000006c7480000)
 Metaspace       used 20740K, capacity 21146K, committed 21296K, reserved 1067008K
  class space    used 2830K, capacity 2925K, committed 2944K, reserved 1048576K
}
Event: 4.230 GC heap before
{Heap before GC invocations=6 (full 1):
 PSYoungGen      total 141824K, used 131072K [0x000000076b200000, 0x0000000774700000, 0x00000007c0000000)
  eden space 131072K, 100% used [0x000000076b200000,0x0000000773200000,0x0000000773200000)
  from space 10752K, 0% used [0x0000000773c80000,0x0000000773c80000,0x0000000774700000)
  to   space 10752K, 0% used [0x0000000773200000,0x0000000773200000,0x0000000773c80000)
 ParOldGen       total 96768K, used 7517K [0x00000006c1600000, 0x00000006c7480000, 0x000000076b200000)
  object space 96768K, 7% used [0x00000006c1600000,0x00000006c1d575f8,0x00000006c7480000)
 Metaspace       used 26947K, capacity 27466K, committed 27776K, reserved 1073152K
  class space    used 3815K, capacity 3963K, committed 3968K, reserved 1048576K
Event: 4.237 GC heap after
Heap after GC invocations=6 (full 1):
 PSYoungGen      total 141824K, used 6628K [0x000000076b200000, 0x0000000779380000, 0x00000007c0000000)
  eden space 131072K, 0% used [0x000000076b200000,0x000000076b200000,0x0000000773200000)
  from space 10752K, 61% used [0x0000000773200000,0x0000000773879100,0x0000000773c80000)
  to   space 9728K, 0% used [0x0000000778a00000,0x0000000778a00000,0x0000000779380000)
 ParOldGen       total 96768K, used 7525K [0x00000006c1600000, 0x00000006c7480000, 0x000000076b200000)
  object space 96768K, 7% used [0x00000006c1600000,0x00000006c1d595f8,0x00000006c7480000)
 Metaspace       used 26947K, capacity 27466K, committed 27776K, reserved 1073152K
  class space    used 3815K, capacity 3963K, committed 3968K, reserved 1048576K
}
Event: 4.275 GC heap before
{Heap before GC invocations=7 (full 1):
 PSYoungGen      total 141824K, used 15925K [0x000000076b200000, 0x0000000779380000, 0x00000007c0000000)
  eden space 131072K, 7% used [0x000000076b200000,0x000000076bb146b8,0x0000000773200000)
  from space 10752K, 61% used [0x0000000773200000,0x0000000773879100,0x0000000773c80000)
  to   space 9728K, 0% used [0x0000000778a00000,0x0000000778a00000,0x0000000779380000)
 ParOldGen       total 96768K, used 7525K [0x00000006c1600000, 0x00000006c7480000, 0x000000076b200000)
  object space 96768K, 7% used [0x00000006c1600000,0x00000006c1d595f8,0x00000006c7480000)
 Metaspace       used 27215K, capacity 27790K, committed 28160K, reserved 1073152K
  class space    used 3854K, capacity 3977K, committed 4096K, reserved 1048576K
Event: 4.277 GC heap after
Heap after GC invocations=7 (full 1):
 PSYoungGen      total 220160K, used 1715K [0x000000076b200000, 0x0000000779580000, 0x00000007c0000000)
  eden space 210432K, 0% used [0x000000076b200000,0x000000076b200000,0x0000000777f80000)
  from space 9728K, 17% used [0x0000000778a00000,0x0000000778bacda0,0x0000000779380000)
  to   space 10752K, 0% used [0x0000000777f80000,0x0000000777f80000,0x0000000778a00000)
 ParOldGen       total 96768K, used 7533K [0x00000006c1600000, 0x00000006c7480000, 0x000000076b200000)
  object space 96768K, 7% used [0x00000006c1600000,0x00000006c1d5b5f8,0x00000006c7480000)
 Metaspace       used 27215K, capacity 27790K, committed 28160K, reserved 1073152K
  class space    used 3854K, capacity 3977K, committed 4096K, reserved 1048576K
}
Event: 4.277 GC heap before
{Heap before GC invocations=8 (full 2):
 PSYoungGen      total 220160K, used 1715K [0x000000076b200000, 0x0000000779580000, 0x00000007c0000000)
  eden space 210432K, 0% used [0x000000076b200000,0x000000076b200000,0x0000000777f80000)
  from space 9728K, 17% used [0x0000000778a00000,0x0000000778bacda0,0x0000000779380000)
  to   space 10752K, 0% used [0x0000000777f80000,0x0000000777f80000,0x0000000778a00000)
 ParOldGen       total 96768K, used 7533K [0x00000006c1600000, 0x00000006c7480000, 0x000000076b200000)
  object space 96768K, 7% used [0x00000006c1600000,0x00000006c1d5b5f8,0x00000006c7480000)
 Metaspace       used 27215K, capacity 27790K, committed 28160K, reserved 1073152K
  class space    used 3854K, capacity 3977K, committed 4096K, reserved 1048576K
Event: 4.330 GC heap after
Heap after GC invocations=8 (full 2):
 PSYoungGen      total 220160K, used 0K [0x000000076b200000, 0x0000000779580000, 0x00000007c0000000)
  eden space 210432K, 0% used [0x000000076b200000,0x000000076b200000,0x0000000777f80000)
  from space 9728K, 0% used [0x0000000778a00000,0x0000000778a00000,0x0000000779380000)
  to   space 10752K, 0% used [0x0000000777f80000,0x0000000777f80000,0x0000000778a00000)
 ParOldGen       total 96768K, used 7333K [0x00000006c1600000, 0x00000006c7480000, 0x000000076b200000)
  object space 96768K, 7% used [0x00000006c1600000,0x00000006c1d29518,0x00000006c7480000)
 Metaspace       used 27215K, capacity 27790K, committed 28160K, reserved 1073152K
  class space    used 3854K, capacity 3977K, committed 4096K, reserved 1048576K
}

