# JRE version: Java(TM) SE Runtime Environment (8.0_202-b08) (build 1.8.0_202-b08)
# Java VM: Java HotSpot(TM) 64-Bit Server VM (25.202-b08 mixed mode windows-amd64 compressed oops)
Heap:
 PSYoungGen      total 305664K, used 23541K [0x000000076ab00000, 0x000000078bf00000, 0x00000007c0000000)
  eden space 262144K, 8% used [0x000000076ab00000,0x000000076c1fd630,0x000000077ab00000)
  from space 43520K, 0% used [0x000000077ab00000,0x000000077ab00000,0x000000077d580000)
  to   space 43520K, 0% used [0x0000000789480000,0x0000000789480000,0x000000078bf00000)
 ParOldGen       total 699392K, used 7937K [0x00000006c0000000, 0x00000006eab00000, 0x000000076ab00000)
  object space 699392K, 1% used [0x00000006c0000000,0x00000006c07c05d0,0x00000006eab00000)
 Metaspace       used 23861K, capacity 24368K, committed 24576K, reserved 1071104K
  class space    used 3421K, capacity 3556K, committed 3584K, reserved 1048576K
GC Heap History (10 events):
Event: 2.051 GC heap before
{Heap before GC invocations=1 (full 0):
 PSYoungGen      total 305664K, used 262144K [0x000000076ab00000, 0x0000000780000000, 0x00000007c0000000)
  eden space 262144K, 100% used [0x000000076ab00000,0x000000077ab00000,0x000000077ab00000)
  from space 43520K, 0% used [0x000000077d580000,0x000000077d580000,0x0000000780000000)
  to   space 43520K, 0% used [0x000000077ab00000,0x000000077ab00000,0x000000077d580000)
 ParOldGen       total 699392K, used 0K [0x00000006c0000000, 0x00000006eab00000, 0x000000076ab00000)
  object space 699392K, 0% used [0x00000006c0000000,0x00000006c0000000,0x00000006eab00000)
 Metaspace       used 19637K, capacity 20068K, committed 20352K, reserved 1067008K
  class space    used 2752K, capacity 2858K, committed 2944K, reserved 1048576K
Event: 2.064 GC heap after
Heap after GC invocations=1 (full 0):
 PSYoungGen      total 305664K, used 16485K [0x000000076ab00000, 0x0000000780000000, 0x00000007c0000000)
  eden space 262144K, 0% used [0x000000076ab00000,0x000000076ab00000,0x000000077ab00000)
  from space 43520K, 37% used [0x000000077ab00000,0x000000077bb19528,0x000000077d580000)
  to   space 43520K, 0% used [0x000000077d580000,0x000000077d580000,0x0000000780000000)
 ParOldGen       total 699392K, used 16K [0x00000006c0000000, 0x00000006eab00000, 0x000000076ab00000)
  object space 699392K, 0% used [0x00000006c0000000,0x00000006c0004000,0x00000006eab00000)
 Metaspace       used 19637K, capacity 20068K, committed 20352K, reserved 1067008K
  class space    used 2752K, capacity 2858K, committed 2944K, reserved 1048576K
}
Event: 2.167 GC heap before
{Heap before GC invocations=2 (full 0):
 PSYoungGen      total 305664K, used 57638K [0x000000076ab00000, 0x0000000780000000, 0x00000007c0000000)
  eden space 262144K, 15% used [0x000000076ab00000,0x000000076d330458,0x000000077ab00000)
  from space 43520K, 37% used [0x000000077ab00000,0x000000077bb19528,0x000000077d580000)
  to   space 43520K, 0% used [0x000000077d580000,0x000000077d580000,0x0000000780000000)
 ParOldGen       total 699392K, used 16K [0x00000006c0000000, 0x00000006eab00000, 0x000000076ab00000)
  object space 699392K, 0% used [0x00000006c0000000,0x00000006c0004000,0x00000006eab00000)
 Metaspace       used 20819K, capacity 21156K, committed 21248K, reserved 1067008K
  class space    used 2949K, capacity 3050K, committed 3072K, reserved 1048576K
Event: 2.174 GC heap after
Heap after GC invocations=2 (full 0):
 PSYoungGen      total 305664K, used 6714K [0x000000076ab00000, 0x0000000790000000, 0x00000007c0000000)
  eden space 262144K, 0% used [0x000000076ab00000,0x000000076ab00000,0x000000077ab00000)
  from space 43520K, 15% used [0x000000077d580000,0x000000077dc0e950,0x0000000780000000)
  to   space 43520K, 0% used [0x000000077ab00000,0x000000077ab00000,0x000000077d580000)
 ParOldGen       total 699392K, used 24K [0x00000006c0000000, 0x00000006eab00000, 0x000000076ab00000)
  object space 699392K, 0% used [0x00000006c0000000,0x00000006c0006000,0x00000006eab00000)
 Metaspace       used 20819K, capacity 21156K, committed 21248K, reserved 1067008K
  class space    used 2949K, capacity 3050K, committed 3072K, reserved 1048576K
}
Event: 2.174 GC heap before
{Heap before GC invocations=3 (full 1):
 PSYoungGen      total 305664K, used 6714K [0x000000076ab00000, 0x0000000790000000, 0x00000007c0000000)
  eden space 262144K, 0% used [0x000000076ab00000,0x000000076ab00000,0x000000077ab00000)
  from space 43520K, 15% used [0x000000077d580000,0x000000077dc0e950,0x0000000780000000)
  to   space 43520K, 0% used [0x000000077ab00000,0x000000077ab00000,0x000000077d580000)
 ParOldGen       total 699392K, used 24K [0x00000006c0000000, 0x00000006eab00000, 0x000000076ab00000)
  object space 699392K, 0% used [0x00000006c0000000,0x00000006c0006000,0x00000006eab00000)
 Metaspace       used 20819K, capacity 21156K, committed 21248K, reserved 1067008K
  class space    used 2949K, capacity 3050K, committed 3072K, reserved 1048576K
Event: 2.197 GC heap after
Heap after GC invocations=3 (full 1):
 PSYoungGen      total 305664K, used 0K [0x000000076ab00000, 0x0000000790000000, 0x00000007c0000000)
  eden space 262144K, 0% used [0x000000076ab00000,0x000000076ab00000,0x000000077ab00000)
  from space 43520K, 0% used [0x000000077d580000,0x000000077d580000,0x0000000780000000)
  to   space 43520K, 0% used [0x000000077ab00000,0x000000077ab00000,0x000000077d580000)
 ParOldGen       total 699392K, used 6573K [0x00000006c0000000, 0x00000006eab00000, 0x000000076ab00000)
  object space 699392K, 0% used [0x00000006c0000000,0x00000006c066b760,0x00000006eab00000)
 Metaspace       used 20819K, capacity 21156K, committed 21248K, reserved 1067008K
  class space    used 2949K, capacity 3050K, committed 3072K, reserved 1048576K
}
Event: 2.658 GC heap before
{Heap before GC invocations=4 (full 1):
 PSYoungGen      total 305664K, used 88905K [0x000000076ab00000, 0x0000000790000000, 0x00000007c0000000)
  eden space 262144K, 33% used [0x000000076ab00000,0x00000007701d2408,0x000000077ab00000)
  from space 43520K, 0% used [0x000000077d580000,0x000000077d580000,0x0000000780000000)
  to   space 43520K, 0% used [0x000000077ab00000,0x000000077ab00000,0x000000077d580000)
 ParOldGen       total 699392K, used 6573K [0x00000006c0000000, 0x00000006eab00000, 0x000000076ab00000)
  object space 699392K, 0% used [0x00000006c0000000,0x00000006c066b760,0x00000006eab00000)
 Metaspace       used 23670K, capacity 24112K, committed 24320K, reserved 1071104K
  class space    used 3401K, capacity 3492K, committed 3584K, reserved 1048576K
Event: 2.661 GC heap after
Heap after GC invocations=4 (full 1):
 PSYoungGen      total 305664K, used 2698K [0x000000076ab00000, 0x000000078bf00000, 0x00000007c0000000)
  eden space 262144K, 0% used [0x000000076ab00000,0x000000076ab00000,0x000000077ab00000)
  from space 43520K, 6% used [0x000000077ab00000,0x000000077ada2b90,0x000000077d580000)
  to   space 43520K, 0% used [0x0000000789480000,0x0000000789480000,0x000000078bf00000)
 ParOldGen       total 699392K, used 6581K [0x00000006c0000000, 0x00000006eab00000, 0x000000076ab00000)
  object space 699392K, 0% used [0x00000006c0000000,0x00000006c066d760,0x00000006eab00000)
 Metaspace       used 23670K, capacity 24112K, committed 24320K, reserved 1071104K
  class space    used 3401K, capacity 3492K, committed 3584K, reserved 1048576K
}
Event: 2.661 GC heap before
{Heap before GC invocations=5 (full 2):
 PSYoungGen      total 305664K, used 2698K [0x000000076ab00000, 0x000000078bf00000, 0x00000007c0000000)
  eden space 262144K, 0% used [0x000000076ab00000,0x000000076ab00000,0x000000077ab00000)
  from space 43520K, 6% used [0x000000077ab00000,0x000000077ada2b90,0x000000077d580000)
  to   space 43520K, 0% used [0x0000000789480000,0x0000000789480000,0x000000078bf00000)
 ParOldGen       total 699392K, used 6581K [0x00000006c0000000, 0x00000006eab00000, 0x000000076ab00000)
  object space 699392K, 0% used [0x00000006c0000000,0x00000006c066d760,0x00000006eab00000)
 Metaspace       used 23670K, capacity 24112K, committed 24320K, reserved 1071104K
  class space    used 3401K, capacity 3492K, committed 3584K, reserved 1048576K
Event: 2.701 GC heap after
Heap after GC invocations=5 (full 2):
 PSYoungGen      total 305664K, used 0K [0x000000076ab00000, 0x000000078bf00000, 0x00000007c0000000)
  eden space 262144K, 0% used [0x000000076ab00000,0x000000076ab00000,0x000000077ab00000)
  from space 43520K, 0% used [0x000000077ab00000,0x000000077ab00000,0x000000077d580000)
  to   space 43520K, 0% used [0x0000000789480000,0x0000000789480000,0x000000078bf00000)
 ParOldGen       total 699392K, used 7937K [0x00000006c0000000, 0x00000006eab00000, 0x000000076ab00000)
  object space 699392K, 1% used [0x00000006c0000000,0x00000006c07c05d0,0x00000006eab00000)
 Metaspace       used 23670K, capacity 24112K, committed 24320K, reserved 1071104K
  class space    used 3401K, capacity 3492K, committed 3584K, reserved 1048576K
}

