# JRE version: Java(TM) SE Runtime Environment (8.0_202-b08) (build 1.8.0_202-b08)
# Java VM: Java HotSpot(TM) 64-Bit Server VM (25.202-b08 mixed mode windows-amd64 compressed oops)
Heap:
 PSYoungGen      total 416256K, used 15205K [0x000000076b200000, 0x0000000796880000, 0x00000007c0000000)
  eden space 399360K, 0% used [0x000000076b200000,0x000000076b200000,0x0000000783800000)
  from space 16896K, 89% used [0x0000000783a80000,0x0000000784959598,0x0000000784b00000)
  to   space 13312K, 0% used [0x0000000784e80000,0x0000000784e80000,0x0000000785b80000)
 ParOldGen       total 84992K, used 12608K [0x00000006c1600000, 0x00000006c6900000, 0x000000076b200000)
  object space 84992K, 14% used [0x00000006c1600000,0x00000006c22502b0,0x00000006c6900000)
 Metaspace       used 45721K, capacity 46800K, committed 46936K, reserved 1089536K
  class space    used 6228K, capacity 6492K, committed 6528K, reserved 1048576K
GC Heap History (10 events):
Event: 3.954 GC heap after
Heap after GC invocations=6 (full 1):
 PSYoungGen      total 141824K, used 6666K [0x000000076b200000, 0x000000077aa80000, 0x00000007c0000000)
  eden space 131072K, 0% used [0x000000076b200000,0x000000076b200000,0x0000000773200000)
  from space 10752K, 62% used [0x0000000773200000,0x0000000773882ac8,0x0000000773c80000)
  to   space 9728K, 0% used [0x000000077a100000,0x000000077a100000,0x000000077aa80000)
 ParOldGen       total 84992K, used 7525K [0x00000006c1600000, 0x00000006c6900000, 0x000000076b200000)
  object space 84992K, 8% used [0x00000006c1600000,0x00000006c1d596f8,0x00000006c6900000)
 Metaspace       used 27022K, capacity 27556K, committed 27776K, reserved 1073152K
  class space    used 3829K, capacity 3968K, committed 3968K, reserved 1048576K
}
Event: 3.979 GC heap before
{Heap before GC invocations=7 (full 1):
 PSYoungGen      total 141824K, used 13356K [0x000000076b200000, 0x000000077aa80000, 0x00000007c0000000)
  eden space 131072K, 5% used [0x000000076b200000,0x000000076b888718,0x0000000773200000)
  from space 10752K, 62% used [0x0000000773200000,0x0000000773882ac8,0x0000000773c80000)
  to   space 9728K, 0% used [0x000000077a100000,0x000000077a100000,0x000000077aa80000)
 ParOldGen       total 84992K, used 7525K [0x00000006c1600000, 0x00000006c6900000, 0x000000076b200000)
  object space 84992K, 8% used [0x00000006c1600000,0x00000006c1d596f8,0x00000006c6900000)
 Metaspace       used 27231K, capacity 27790K, committed 28160K, reserved 1073152K
  class space    used 3854K, capacity 3977K, committed 4096K, reserved 1048576K
Event: 3.981 GC heap after
Heap after GC invocations=7 (full 1):
 PSYoungGen      total 243712K, used 1652K [0x000000076b200000, 0x000000077ac80000, 0x00000007c0000000)
  eden space 233984K, 0% used [0x000000076b200000,0x000000076b200000,0x0000000779680000)
  from space 9728K, 16% used [0x000000077a100000,0x000000077a29d0e0,0x000000077aa80000)
  to   space 10752K, 0% used [0x0000000779680000,0x0000000779680000,0x000000077a100000)
 ParOldGen       total 84992K, used 7525K [0x00000006c1600000, 0x00000006c6900000, 0x000000076b200000)
  object space 84992K, 8% used [0x00000006c1600000,0x00000006c1d596f8,0x00000006c6900000)
 Metaspace       used 27231K, capacity 27790K, committed 28160K, reserved 1073152K
  class space    used 3854K, capacity 3977K, committed 4096K, reserved 1048576K
}
Event: 3.981 GC heap before
{Heap before GC invocations=8 (full 2):
 PSYoungGen      total 243712K, used 1652K [0x000000076b200000, 0x000000077ac80000, 0x00000007c0000000)
  eden space 233984K, 0% used [0x000000076b200000,0x000000076b200000,0x0000000779680000)
  from space 9728K, 16% used [0x000000077a100000,0x000000077a29d0e0,0x000000077aa80000)
  to   space 10752K, 0% used [0x0000000779680000,0x0000000779680000,0x000000077a100000)
 ParOldGen       total 84992K, used 7525K [0x00000006c1600000, 0x00000006c6900000, 0x000000076b200000)
  object space 84992K, 8% used [0x00000006c1600000,0x00000006c1d596f8,0x00000006c6900000)
 Metaspace       used 27231K, capacity 27790K, committed 28160K, reserved 1073152K
  class space    used 3854K, capacity 3977K, committed 4096K, reserved 1048576K
Event: 4.024 GC heap after
Heap after GC invocations=8 (full 2):
 PSYoungGen      total 243712K, used 0K [0x000000076b200000, 0x000000077ac80000, 0x00000007c0000000)
  eden space 233984K, 0% used [0x000000076b200000,0x000000076b200000,0x0000000779680000)
  from space 9728K, 0% used [0x000000077a100000,0x000000077a100000,0x000000077aa80000)
  to   space 10752K, 0% used [0x0000000779680000,0x0000000779680000,0x000000077a100000)
 ParOldGen       total 84992K, used 7305K [0x00000006c1600000, 0x00000006c6900000, 0x000000076b200000)
  object space 84992K, 8% used [0x00000006c1600000,0x00000006c1d22700,0x00000006c6900000)
 Metaspace       used 27231K, capacity 27790K, committed 28160K, reserved 1073152K
  class space    used 3854K, capacity 3977K, committed 4096K, reserved 1048576K
}
Event: 5.898 GC heap before
{Heap before GC invocations=9 (full 2):
 PSYoungGen      total 243712K, used 233984K [0x000000076b200000, 0x000000077ac80000, 0x00000007c0000000)
  eden space 233984K, 100% used [0x000000076b200000,0x0000000779680000,0x0000000779680000)
  from space 9728K, 0% used [0x000000077a100000,0x000000077a100000,0x000000077aa80000)
  to   space 10752K, 0% used [0x0000000779680000,0x0000000779680000,0x000000077a100000)
 ParOldGen       total 84992K, used 7305K [0x00000006c1600000, 0x00000006c6900000, 0x000000076b200000)
  object space 84992K, 8% used [0x00000006c1600000,0x00000006c1d22700,0x00000006c6900000)
 Metaspace       used 36469K, capacity 37476K, committed 37632K, reserved 1081344K
  class space    used 5091K, capacity 5314K, committed 5376K, reserved 1048576K
Event: 5.909 GC heap after
Heap after GC invocations=9 (full 2):
 PSYoungGen      total 244736K, used 10745K [0x000000076b200000, 0x0000000785b80000, 0x00000007c0000000)
  eden space 233984K, 0% used [0x000000076b200000,0x000000076b200000,0x0000000779680000)
  from space 10752K, 99% used [0x0000000779680000,0x000000077a0fe6b8,0x000000077a100000)
  to   space 13312K, 0% used [0x0000000784e80000,0x0000000784e80000,0x0000000785b80000)
 ParOldGen       total 84992K, used 9698K [0x00000006c1600000, 0x00000006c6900000, 0x000000076b200000)
  object space 84992K, 11% used [0x00000006c1600000,0x00000006c1f78830,0x00000006c6900000)
 Metaspace       used 36469K, capacity 37476K, committed 37632K, reserved 1081344K
  class space    used 5091K, capacity 5314K, committed 5376K, reserved 1048576K
}
Event: 7.559 GC heap before
{Heap before GC invocations=10 (full 2):
 PSYoungGen      total 244736K, used 244706K [0x000000076b200000, 0x0000000785b80000, 0x00000007c0000000)
  eden space 233984K, 99% used [0x000000076b200000,0x000000077967a1c0,0x0000000779680000)
  from space 10752K, 99% used [0x0000000779680000,0x000000077a0fe6b8,0x000000077a100000)
  to   space 13312K, 0% used [0x0000000784e80000,0x0000000784e80000,0x0000000785b80000)
 ParOldGen       total 84992K, used 9698K [0x00000006c1600000, 0x00000006c6900000, 0x000000076b200000)
  object space 84992K, 11% used [0x00000006c1600000,0x00000006c1f78830,0x00000006c6900000)
 Metaspace       used 43063K, capacity 44206K, committed 44288K, reserved 1087488K
  class space    used 5854K, capacity 6139K, committed 6144K, reserved 1048576K
Event: 7.571 GC heap after
Heap after GC invocations=10 (full 2):
 PSYoungGen      total 412672K, used 13286K [0x000000076b200000, 0x0000000785b80000, 0x00000007c0000000)
  eden space 399360K, 0% used [0x000000076b200000,0x000000076b200000,0x0000000783800000)
  from space 13312K, 99% used [0x0000000784e80000,0x0000000785b79850,0x0000000785b80000)
  to   space 16896K, 0% used [0x0000000783a80000,0x0000000783a80000,0x0000000784b00000)
 ParOldGen       total 84992K, used 12600K [0x00000006c1600000, 0x00000006c6900000, 0x000000076b200000)
  object space 84992K, 14% used [0x00000006c1600000,0x00000006c224e2b0,0x00000006c6900000)
 Metaspace       used 43063K, capacity 44206K, committed 44288K, reserved 1087488K
  class space    used 5854K, capacity 6139K, committed 6144K, reserved 1048576K
}
Event: 8.169 GC heap before
{Heap before GC invocations=11 (full 2):
 PSYoungGen      total 412672K, used 285110K [0x000000076b200000, 0x0000000785b80000, 0x00000007c0000000)
  eden space 399360K, 68% used [0x000000076b200000,0x000000077bb74020,0x0000000783800000)
  from space 13312K, 99% used [0x0000000784e80000,0x0000000785b79850,0x0000000785b80000)
  to   space 16896K, 0% used [0x0000000783a80000,0x0000000783a80000,0x0000000784b00000)
 ParOldGen       total 84992K, used 12600K [0x00000006c1600000, 0x00000006c6900000, 0x000000076b200000)
  object space 84992K, 14% used [0x00000006c1600000,0x00000006c224e2b0,0x00000006c6900000)
 Metaspace       used 45721K, capacity 46800K, committed 46936K, reserved 1089536K
  class space    used 6228K, capacity 6492K, committed 6528K, reserved 1048576K

